<?xml version="1.0" encoding="UTF-8"?>
<Site BuildName="Win32-mingw32-make"
	BuildStamp="20240331-1209-Experimental"
	Name="isQ"
	Generator="ctest-3.29.0"
	CompilerName="D:/project/mingw-get-setup/bin/g++.exe"
	CompilerVersion="9.2.0"
	OSName="Windows"
	Hostname="isQ"
	OSRelease=" Professional"
	OSVersion=" (Build 22631)"
	OSPlatform="AMD64"
	Is64Bits="1"
	VendorString="GenuineIntel"
	VendorID="Intel Corporation"
	FamilyID="6"
	ModelID="5"
	ProcessorCacheSize="-1"
	NumberOfLogicalCPU="16"
	NumberOfPhysicalCPU="8"
	TotalVirtualMemory="37501"
	TotalPhysicalMemory="32637"
	LogicalProcessorsPerPhysical="2"
	ProcessorClockFrequency="3792"
	>
	<Testing>
		<StartDateTime>Mar 31 19:13 SE Asia Standard Time</StartDateTime>
		<StartTestTime>1711887182</StartTestTime>
		<TestList/>
		<EndDateTime>Mar 31 19:13 SE Asia Standard Time</EndDateTime>
		<EndTestTime>1711887182</EndTestTime>
		<ElapsedMinutes>0</ElapsedMinutes>
	</Testing>
</Site>
